Watching for file changes with StatReloader
Exception in thread django-main-thread:
Traceback (most recent call last):
  File "C:\Users\ayoub\AppData\Local\Programs\Python\Python313\Lib\site-packages\django\core\servers\basehttp.py", line 48, in get_internal_wsgi_application
    return import_string(app_path)
  File "C:\Users\ayoub\AppData\Local\Programs\Python\Python313\Lib\site-packages\django\utils\module_loading.py", line 30, in import_string
    return cached_import(module_path, class_name)
  File "C:\Users\ayoub\AppData\Local\Programs\Python\Python313\Lib\site-packages\django\utils\module_loading.py", line 15, in cached_import
    module = import_module(module_path)
  File "C:\Users\ayoub\AppData\Local\Programs\Python\Python313\Lib\importlib\__init__.py", line 88, in import_module
    return _bootstrap._gcd_import(name[level:], package, level)
           ~~~~~~~~~~~~~~~~~~~~~~^^^^^^^^^^^^^^^^^^^^^^^^^^^^^^
  File "<frozen importlib._bootstrap>", line 1387, in _gcd_import
  File "<frozen importlib._bootstrap>", line 1360, in _find_and_load
  File "<frozen importlib._bootstrap>", line 1331, in _find_and_load_unlocked
  File "<frozen importlib._bootstrap>", line 935, in _load_unlocked
  File "<frozen importlib._bootstrap_external>", line 1026, in exec_module
  File "<frozen importlib._bootstrap>", line 488, in _call_with_frames_removed
  File "C:\Users\ayoub\OneDrive - Université Mohammed VI Polytechnique\Ci1\Project info\UI for Parts Demand Forecasting\backend\ocp_portal\wsgi.py", line 16, in <module>
    application = get_wsgi_application()
  File "C:\Users\ayoub\AppData\Local\Programs\Python\Python313\Lib\site-packages\django\core\wsgi.py", line 13, in get_wsgi_application
    return WSGIHandler()
  File "C:\Users\ayoub\AppData\Local\Programs\Python\Python313\Lib\site-packages\django\core\handlers\wsgi.py", line 118, in __init__
    self.load_middleware()
    ~~~~~~~~~~~~~~~~~~~~^^
  File "C:\Users\ayoub\AppData\Local\Programs\Python\Python313\Lib\site-packages\django\core\handlers\base.py", line 40, in load_middleware
    middleware = import_string(middleware_path)
  File "C:\Users\ayoub\AppData\Local\Programs\Python\Python313\Lib\site-packages\django\utils\module_loading.py", line 30, in import_string
    return cached_import(module_path, class_name)
  File "C:\Users\ayoub\AppData\Local\Programs\Python\Python313\Lib\site-packages\django\utils\module_loading.py", line 15, in cached_import
    module = import_module(module_path)
  File "C:\Users\ayoub\AppData\Local\Programs\Python\Python313\Lib\importlib\__init__.py", line 88, in import_module
    return _bootstrap._gcd_import(name[level:], package, level)
           ~~~~~~~~~~~~~~~~~~~~~~^^^^^^^^^^^^^^^^^^^^^^^^^^^^^^
  File "<frozen importlib._bootstrap>", line 1387, in _gcd_import
  File "<frozen importlib._bootstrap>", line 1360, in _find_and_load
  File "<frozen importlib._bootstrap>", line 1310, in _find_and_load_unlocked
  File "<frozen importlib._bootstrap>", line 488, in _call_with_frames_removed
  File "<frozen importlib._bootstrap>", line 1387, in _gcd_import
  File "<frozen importlib._bootstrap>", line 1360, in _find_and_load
  File "<frozen importlib._bootstrap>", line 1324, in _find_and_load_unlocked
ModuleNotFoundError: No module named 'whitenoise'

The above exception was the direct cause of the following exception:

Traceback (most recent call last):
  File "C:\Users\ayoub\AppData\Local\Programs\Python\Python313\Lib\threading.py", line 1043, in _bootstrap_inner
    self.run()
    ~~~~~~~~^^
  File "C:\Users\ayoub\AppData\Local\Programs\Python\Python313\Lib\threading.py", line 994, in run
    self._target(*self._args, **self._kwargs)
    ~~~~~~~~~~~~^^^^^^^^^^^^^^^^^^^^^^^^^^^^^
  File "C:\Users\ayoub\AppData\Local\Programs\Python\Python313\Lib\site-packages\django\utils\autoreload.py", line 64, in wrapper
    fn(*args, **kwargs)
    ~~^^^^^^^^^^^^^^^^^
  File "C:\Users\ayoub\AppData\Local\Programs\Python\Python313\Lib\site-packages\django\core\management\commands\runserver.py", line 143, in inner_run
    handler = self.get_handler(*args, **options)
  File "C:\Users\ayoub\AppData\Local\Programs\Python\Python313\Lib\site-packages\django\contrib\staticfiles\management\commands\runserver.py", line 31, in get_handler
    handler = super().get_handler(*args, **options)
  File "C:\Users\ayoub\AppData\Local\Programs\Python\Python313\Lib\site-packages\django\core\management\commands\runserver.py", line 79, in get_handler
    return get_internal_wsgi_application()
  File "C:\Users\ayoub\AppData\Local\Programs\Python\Python313\Lib\site-packages\django\core\servers\basehttp.py", line 50, in get_internal_wsgi_application
    raise ImproperlyConfigured(
    ...<2 lines>...
    ) from err
django.core.exceptions.ImproperlyConfigured: WSGI application 'ocp_portal.wsgi.application' could not be loaded; Error importing module.
C:\Users\ayoub\OneDrive - Université Mohammed VI Polytechnique\Ci1\Project info\UI for Parts Demand Forecasting\backend\portal\admin.py changed, reloading.
